<?xml version="1.0" encoding="UTF-8"?>
<!-- Generated by org.testng.reporters.JUnitReportReporter -->
<testsuite skipped="0" hostname="DESKTOP-H56VNFP" name="TestNG.HybridAccountTest" tests="2" failures="0" timestamp="27 Jun 2020 20:01:50 GMT" time="42.705" errors="0">
  <testcase name="AccountTest" time="18.351" classname="TestNG.HybridAccountTest"/>
  <testcase name="AccountTest" time="24.354" classname="TestNG.HybridAccountTest"/>
</testsuite> <!-- TestNG.HybridAccountTest -->
